{"D:\\final\\Assignment\\src\\functions\\stocks\\index.ts": {"path":"D:\\final\\Assignment\\src\\functions\\stocks\\index.ts","statementMap":{"0":{"start":{"line":12,"column":15},"end":{"line":19,"column":null}},"1":{"start":{"line":12,"column":68},"end":{"line":19,"column":null}},"2":{"start":{"line":13,"column":31},"end":{"line":13,"column":71}},"3":{"start":{"line":13,"column":57},"end":{"line":13,"column":70}},"4":{"start":{"line":14,"column":4},"end":{"line":17,"column":null}},"5":{"start":{"line":16,"column":8},"end":{"line":16,"column":43}},"6":{"start":{"line":18,"column":4},"end":{"line":18,"column":24}},"7":{"start":{"line":22,"column":11},"end":{"line":22,"column":19}}},"fnMap":{"0":{"name":"(anonymous_7)","decl":{"start":{"line":12,"column":15},"end":{"line":12,"column":22}},"loc":{"start":{"line":12,"column":68},"end":{"line":19,"column":null}}},"1":{"name":"(anonymous_8)","decl":{"start":{"line":12,"column":68},"end":{"line":12,"column":null}},"loc":{"start":{"line":12,"column":68},"end":{"line":19,"column":1}}},"2":{"name":"(anonymous_9)","decl":{"start":{"line":13,"column":45},"end":{"line":13,"column":46}},"loc":{"start":{"line":13,"column":57},"end":{"line":13,"column":70}}}},"branchMap":{"0":{"loc":{"start":{"line":14,"column":4},"end":{"line":17,"column":null}},"type":"if","locations":[{"start":{"line":14,"column":4},"end":{"line":17,"column":null}}]}},"s":{"0":2,"1":6,"2":6,"3":600,"4":6,"5":4,"6":6,"7":2},"f":{"0":6,"1":6,"2":600},"b":{"0":[4]}}
,"D:\\final\\Assignment\\src\\functions\\transactions\\index.ts": {"path":"D:\\final\\Assignment\\src\\functions\\transactions\\index.ts","statementMap":{"0":{"start":{"line":13,"column":34},"end":{"line":17,"column":null}},"1":{"start":{"line":13,"column":112},"end":{"line":17,"column":null}},"2":{"start":{"line":14,"column":30},"end":{"line":14,"column":102}},"3":{"start":{"line":14,"column":69},"end":{"line":14,"column":101}},"4":{"start":{"line":15,"column":14},"end":{"line":15,"column":79}},"5":{"start":{"line":15,"column":67},"end":{"line":15,"column":74}},"6":{"start":{"line":16,"column":4},"end":{"line":16,"column":15}},"7":{"start":{"line":34,"column":11},"end":{"line":34,"column":37}},"8":{"start":{"line":28,"column":33},"end":{"line":32,"column":null}},"9":{"start":{"line":28,"column":98},"end":{"line":32,"column":null}},"10":{"start":{"line":29,"column":33},"end":{"line":29,"column":91}},"11":{"start":{"line":30,"column":32},"end":{"line":30,"column":91}},"12":{"start":{"line":31,"column":4},"end":{"line":31,"column":56}},"13":{"start":{"line":34,"column":39},"end":{"line":34,"column":65}}},"fnMap":{"0":{"name":"(anonymous_7)","decl":{"start":{"line":13,"column":34},"end":{"line":13,"column":41}},"loc":{"start":{"line":13,"column":112},"end":{"line":17,"column":null}}},"1":{"name":"(anonymous_8)","decl":{"start":{"line":13,"column":112},"end":{"line":13,"column":null}},"loc":{"start":{"line":13,"column":112},"end":{"line":17,"column":1}}},"2":{"name":"(anonymous_9)","decl":{"start":{"line":14,"column":50},"end":{"line":14,"column":51}},"loc":{"start":{"line":14,"column":69},"end":{"line":14,"column":101}}},"3":{"name":"(anonymous_10)","decl":{"start":{"line":15,"column":39},"end":{"line":15,"column":40}},"loc":{"start":{"line":15,"column":67},"end":{"line":15,"column":74}}},"4":{"name":"(anonymous_11)","decl":{"start":{"line":28,"column":33},"end":{"line":28,"column":40}},"loc":{"start":{"line":28,"column":98},"end":{"line":32,"column":null}}},"5":{"name":"(anonymous_12)","decl":{"start":{"line":28,"column":98},"end":{"line":28,"column":null}},"loc":{"start":{"line":28,"column":98},"end":{"line":32,"column":1}}}},"branchMap":{"0":{"loc":{"start":{"line":14,"column":69},"end":{"line":14,"column":101}},"type":"binary-expr","locations":[{"start":{"line":14,"column":69},"end":{"line":14,"column":82}},{"start":{"line":14,"column":86},"end":{"line":14,"column":101}}]}},"s":{"0":2,"1":15,"2":15,"3":16500,"4":15,"5":61,"6":15,"7":2,"8":2,"9":6,"10":6,"11":6,"12":6,"13":2},"f":{"0":15,"1":15,"2":16500,"3":61,"4":6,"5":6},"b":{"0":[16500,122]}}
,"D:\\final\\Assignment\\src\\get-stock\\index.ts": {"path":"D:\\final\\Assignment\\src\\get-stock\\index.ts","statementMap":{"0":{"start":{"line":1,"column":0},"end":{"line":1,"column":73}},"1":{"start":{"line":2,"column":0},"end":{"line":2,"column":49}},"2":{"start":{"line":4,"column":0},"end":{"line":4,"column":40}},"3":{"start":{"line":5,"column":0},"end":{"line":5,"column":53}},"4":{"start":{"line":14,"column":26},"end":{"line":26,"column":2}},"5":{"start":{"line":15,"column":29},"end":{"line":15,"column":56}},"6":{"start":{"line":16,"column":4},"end":{"line":16,"column":51}},"7":{"start":{"line":17,"column":31},"end":{"line":17,"column":82}},"8":{"start":{"line":18,"column":4},"end":{"line":21,"column":null}},"9":{"start":{"line":20,"column":8},"end":{"line":20,"column":67}},"10":{"start":{"line":22,"column":4},"end":{"line":22,"column":47}},"11":{"start":{"line":23,"column":20},"end":{"line":23,"column":54}},"12":{"start":{"line":24,"column":4},"end":{"line":24,"column":38}},"13":{"start":{"line":25,"column":4},"end":{"line":25,"column":38}},"14":{"start":{"line":32,"column":9},"end":{"line":32,"column":28}},"15":{"start":{"line":31,"column":0},"end":{"line":31,"column":73}},"16":{"start":{"line":31,"column":49},"end":{"line":31,"column":71}}},"fnMap":{"0":{"name":"getCurrentSockLevel","decl":{"start":{"line":14,"column":41},"end":{"line":14,"column":60}},"loc":{"start":{"line":14,"column":73},"end":{"line":26,"column":2}}},"1":{"name":"(anonymous_10)","decl":{"start":{"line":31,"column":43},"end":{"line":31,"column":44}},"loc":{"start":{"line":31,"column":49},"end":{"line":31,"column":71}}}},"branchMap":{"0":{"loc":{"start":{"line":18,"column":4},"end":{"line":21,"column":null}},"type":"if","locations":[{"start":{"line":18,"column":4},"end":{"line":21,"column":null}}]},"1":{"loc":{"start":{"line":18,"column":7},"end":{"line":18,"column":54}},"type":"binary-expr","locations":[{"start":{"line":18,"column":7},"end":{"line":18,"column":31}},{"start":{"line":18,"column":35},"end":{"line":18,"column":54}}]}},"s":{"0":1,"1":1,"2":1,"3":1,"4":1,"5":4,"6":4,"7":4,"8":4,"9":2,"10":2,"11":2,"12":2,"13":2,"14":1,"15":1,"16":1},"f":{"0":4,"1":1},"b":{"0":[2],"1":[4,3]}}
}
