TN:
SF:src\functions\stocks\index.ts
FN:12,(anonymous_7)
FN:12,(anonymous_8)
FN:13,(anonymous_9)
FNF:3
FNH:3
FNDA:6,(anonymous_7)
FNDA:6,(anonymous_8)
FNDA:600,(anonymous_9)
DA:12,6
DA:13,600
DA:14,6
DA:16,4
DA:18,6
DA:22,2
LF:6
LH:6
BRDA:14,0,0,4
BRF:1
BRH:1
end_of_record
TN:
SF:src\functions\transactions\index.ts
FN:13,(anonymous_7)
FN:13,(anonymous_8)
FN:14,(anonymous_9)
FN:15,(anonymous_10)
FN:28,(anonymous_11)
FN:28,(anonymous_12)
FNF:6
FNH:6
FNDA:15,(anonymous_7)
FNDA:15,(anonymous_8)
FNDA:16500,(anonymous_9)
FNDA:61,(anonymous_10)
FNDA:6,(anonymous_11)
FNDA:6,(anonymous_12)
DA:13,15
DA:14,16500
DA:15,61
DA:16,15
DA:28,6
DA:29,6
DA:30,6
DA:31,6
DA:34,2
LF:9
LH:9
BRDA:14,0,0,16500
BRDA:14,0,1,122
BRF:2
BRH:2
end_of_record
TN:
SF:src\get-stock\index.ts
FN:14,getCurrentSockLevel
FN:31,(anonymous_10)
FNF:2
FNH:2
FNDA:4,getCurrentSockLevel
FNDA:1,(anonymous_10)
DA:1,1
DA:2,1
DA:4,1
DA:5,1
DA:14,1
DA:15,4
DA:16,4
DA:17,4
DA:18,4
DA:20,2
DA:22,2
DA:23,2
DA:24,2
DA:25,2
DA:31,1
DA:32,1
LF:16
LH:16
BRDA:18,0,0,2
BRDA:18,1,0,4
BRDA:18,1,1,3
BRF:3
BRH:3
end_of_record
